<?xml version="1.0" encoding="UTF-8"?>
<testng-results ignored="0" total="1" passed="1" failed="0" skipped="0">
  <reporter-output>
  </reporter-output>
  <suite started-at="2019-06-20T19:56:25Z" name="Default suite" finished-at="2019-06-20T19:56:26Z" duration-ms="1357">
    <groups>
    </groups>
    <test started-at="2019-06-20T19:56:25Z" name="Default test" finished-at="2019-06-20T19:56:26Z" duration-ms="1357">
      <class name="mainPackage.ReadExcel2">
        <test-method signature="read()[pri:0, instance:mainPackage.ReadExcel2@757277dc]" started-at="2019-06-21T01:26:25Z" name="read" finished-at="2019-06-21T01:26:26Z" duration-ms="1321" status="PASS">
          <reporter-output>
          </reporter-output>
        </test-method> <!-- read -->
      </class> <!-- mainPackage.ReadExcel2 -->
    </test> <!-- Default test -->
  </suite> <!-- Default suite -->
</testng-results>
